<?xml version="1.0" encoding="UTF-8"?>
<testng-results ignored="0" total="1" passed="1" failed="0" skipped="0">
  <reporter-output>
  </reporter-output>
  <suite started-at="2024-11-07T22:50:50 IST" name="Default suite" finished-at="2024-11-07T22:51:24 IST" duration-ms="34295">
    <groups>
    </groups>
    <test started-at="2024-11-07T22:50:50 IST" name="Default test" finished-at="2024-11-07T22:51:24 IST" duration-ms="34295">
      <class name="ExtentReports.AmazonSSExtentreport">
        <test-method signature="amazon()[pri:0, instance:ExtentReports.AmazonSSExtentreport@60bd273d]" started-at="2024-11-07T22:50:50 IST" name="amazon" finished-at="2024-11-07T22:51:24 IST" duration-ms="34201" status="PASS">
          <reporter-output>
          </reporter-output>
        </test-method> <!-- amazon -->
      </class> <!-- ExtentReports.AmazonSSExtentreport -->
    </test> <!-- Default test -->
  </suite> <!-- Default suite -->
</testng-results>
